app/build/outputs/logs/manifest-merger-debug-report.txt
-- Merging decision tree log ---
manifest
ADDED from src\main\AndroidManifest.xml:2:1-29:12
	xmlns:android
		ADDED from src\main\AndroidManifest.xml:2:11-69
	package
		ADDED from src\main\AndroidManifest.xml:3:5-37
		INJECTED from src\main\AndroidManifest.xml
		INJECTED from src\main\AndroidManifest.xml
	android:versionName
		INJECTED from src\main\AndroidManifest.xml
		INJECTED from src\main\AndroidManifest.xml
	android:versionCode
		INJECTED from src\main\AndroidManifest.xml
		INJECTED from src\main\AndroidManifest.xml
uses-permission#com.android.launcher.permission.WRITE_SETTINGS
ADDED from src\main\AndroidManifest.xml:5:5-86
MERGED from [PlayerDemo.Library:YoukuPlayer:unspecified] AndroidManifest.xml:35:5-86
	android:name
		ADDED from src\main\AndroidManifest.xml:5:22-83
uses-permission#android.permission.WRITE_SETTINGS
ADDED from src\main\AndroidManifest.xml:6:5-73
	android:name
		ADDED from src\main\AndroidManifest.xml:6:22-70
uses-permission#android.permission.ACCESS_NETWORK_STATE
ADDED from src\main\AndroidManifest.xml:7:5-79
MERGED from [PlayerDemo.Library:YoukuPlayer:unspecified] AndroidManifest.xml:13:5-79
	android:name
		ADDED from src\main\AndroidManifest.xml:7:22-76
uses-permission#android.permission.INTERNET
ADDED from src\main\AndroidManifest.xml:8:5-67
MERGED from [PlayerDemo.Library:YoukuPlayer:unspecified] AndroidManifest.xml:17:5-67
	android:name
		ADDED from src\main\AndroidManifest.xml:8:22-64
application
ADDED from src\main\AndroidManifest.xml:10:5-27:19
MERGED from [com.android.support:appcompat-v7:23.2.1] AndroidManifest.xml:25:5-20
MERGED from [com.android.support:support-v4:23.2.1] AndroidManifest.xml:22:5-20
MERGED from [com.android.support:animated-vector-drawable:23.2.1] AndroidManifest.xml:7:5-20
MERGED from [com.android.support:support-vector-drawable:23.2.1] AndroidManifest.xml:7:5-20
MERGED from [com.android.support:support-v4:23.2.1] AndroidManifest.xml:22:5-20
MERGED from [com.android.support:support-vector-drawable:23.2.1] AndroidManifest.xml:7:5-20
MERGED from [com.android.support:support-v4:23.2.1] AndroidManifest.xml:22:5-20
MERGED from [com.android.support:design:23.2.1] AndroidManifest.xml:22:5-20
MERGED from [com.android.support:support-v4:23.2.1] AndroidManifest.xml:22:5-20
MERGED from [com.android.support:appcompat-v7:23.2.1] AndroidManifest.xml:25:5-20
MERGED from [com.android.support:support-v4:23.2.1] AndroidManifest.xml:22:5-20
MERGED from [com.android.support:animated-vector-drawable:23.2.1] AndroidManifest.xml:7:5-20
MERGED from [com.android.support:support-vector-drawable:23.2.1] AndroidManifest.xml:7:5-20
MERGED from [com.android.support:support-v4:23.2.1] AndroidManifest.xml:22:5-20
MERGED from [com.android.support:support-vector-drawable:23.2.1] AndroidManifest.xml:7:5-20
MERGED from [com.android.support:support-v4:23.2.1] AndroidManifest.xml:22:5-20
MERGED from [com.android.support:support-v4:23.2.1] AndroidManifest.xml:22:5-20
MERGED from [com.android.support:appcompat-v7:23.2.1] AndroidManifest.xml:25:5-20
MERGED from [com.android.support:support-v4:23.2.1] AndroidManifest.xml:22:5-20
MERGED from [com.android.support:animated-vector-drawable:23.2.1] AndroidManifest.xml:7:5-20
MERGED from [com.android.support:support-vector-drawable:23.2.1] AndroidManifest.xml:7:5-20
MERGED from [com.android.support:support-v4:23.2.1] AndroidManifest.xml:22:5-20
MERGED from [com.android.support:support-vector-drawable:23.2.1] AndroidManifest.xml:7:5-20
MERGED from [com.android.support:support-v4:23.2.1] AndroidManifest.xml:22:5-20
MERGED from [com.android.support:appcompat-v7:23.2.1] AndroidManifest.xml:25:5-20
MERGED from [com.android.support:support-v4:23.2.1] AndroidManifest.xml:22:5-20
MERGED from [com.android.support:animated-vector-drawable:23.2.1] AndroidManifest.xml:7:5-20
MERGED from [com.android.support:support-vector-drawable:23.2.1] AndroidManifest.xml:7:5-20
MERGED from [com.android.support:support-v4:23.2.1] AndroidManifest.xml:22:5-20
MERGED from [com.android.support:support-vector-drawable:23.2.1] AndroidManifest.xml:7:5-20
MERGED from [com.android.support:support-v4:23.2.1] AndroidManifest.xml:22:5-20
	android:supportsRtl
		ADDED from src\main\AndroidManifest.xml:15:9-35
	android:label
		ADDED from src\main\AndroidManifest.xml:14:9-41
	android:allowBackup
		ADDED from src\main\AndroidManifest.xml:12:9-35
	android:icon
		ADDED from src\main\AndroidManifest.xml:13:9-43
	android:theme
		ADDED from src\main\AndroidManifest.xml:16:9-40
	android:name
		ADDED from src\main\AndroidManifest.xml:11:9-38
activity#com.android.playerdemo.MainActivity
ADDED from src\main\AndroidManifest.xml:17:9-26:20
	android:label
		ADDED from src\main\AndroidManifest.xml:19:13-45
	android:theme
		ADDED from src\main\AndroidManifest.xml:20:13-56
	android:name
		ADDED from src\main\AndroidManifest.xml:18:13-41
intent-filter#android.intent.action.MAIN+android.intent.category.LAUNCHER
ADDED from src\main\AndroidManifest.xml:21:13-25:29
action#android.intent.action.MAIN
ADDED from src\main\AndroidManifest.xml:22:17-69
	android:name
		ADDED from src\main\AndroidManifest.xml:22:25-66
category#android.intent.category.LAUNCHER
ADDED from src\main\AndroidManifest.xml:24:17-77
	android:name
		ADDED from src\main\AndroidManifest.xml:24:27-74
uses-sdk
INJECTED from src\main\AndroidManifest.xml reason: use-sdk injection requested
MERGED from [com.android.support:appcompat-v7:23.2.1] AndroidManifest.xml:21:5-23:78
MERGED from [com.android.support:support-v4:23.2.1] AndroidManifest.xml:20:5-43
MERGED from [com.android.support:animated-vector-drawable:23.2.1] AndroidManifest.xml:5:5-44
MERGED from [com.android.support:support-vector-drawable:23.2.1] AndroidManifest.xml:5:5-43
MERGED from [com.android.support:support-v4:23.2.1] AndroidManifest.xml:20:5-43
MERGED from [com.android.support:support-vector-drawable:23.2.1] AndroidManifest.xml:5:5-43
MERGED from [com.android.support:support-v4:23.2.1] AndroidManifest.xml:20:5-43
MERGED from [com.android.support:design:23.2.1] AndroidManifest.xml:20:5-43
MERGED from [com.android.support:support-v4:23.2.1] AndroidManifest.xml:20:5-43
MERGED from [com.android.support:appcompat-v7:23.2.1] AndroidManifest.xml:21:5-23:78
MERGED from [com.android.support:support-v4:23.2.1] AndroidManifest.xml:20:5-43
MERGED from [com.android.support:animated-vector-drawable:23.2.1] AndroidManifest.xml:5:5-44
MERGED from [com.android.support:support-vector-drawable:23.2.1] AndroidManifest.xml:5:5-43
MERGED from [com.android.support:support-v4:23.2.1] AndroidManifest.xml:20:5-43
MERGED from [com.android.support:support-vector-drawable:23.2.1] AndroidManifest.xml:5:5-43
MERGED from [com.android.support:support-v4:23.2.1] AndroidManifest.xml:20:5-43
MERGED from [com.android.support:recyclerview-v7:23.2.1] AndroidManifest.xml:20:5-43
MERGED from [com.android.support:support-v4:23.2.1] AndroidManifest.xml:20:5-43
MERGED from [PlayerDemo.Library:BaseProject:unspecified] AndroidManifest.xml:7:5-44
MERGED from [com.android.support:appcompat-v7:23.2.1] AndroidManifest.xml:21:5-23:78
MERGED from [com.android.support:support-v4:23.2.1] AndroidManifest.xml:20:5-43
MERGED from [com.android.support:animated-vector-drawable:23.2.1] AndroidManifest.xml:5:5-44
MERGED from [com.android.support:support-vector-drawable:23.2.1] AndroidManifest.xml:5:5-43
MERGED from [com.android.support:support-v4:23.2.1] AndroidManifest.xml:20:5-43
MERGED from [com.android.support:support-vector-drawable:23.2.1] AndroidManifest.xml:5:5-43
MERGED from [com.android.support:support-v4:23.2.1] AndroidManifest.xml:20:5-43
MERGED from [PlayerDemo.Library:YoukuPlayer:unspecified] AndroidManifest.xml:8:5-10:41
MERGED from [PlayerDemo.Library:BaseProject:unspecified] AndroidManifest.xml:7:5-44
MERGED from [com.android.support:appcompat-v7:23.2.1] AndroidManifest.xml:21:5-23:78
MERGED from [com.android.support:support-v4:23.2.1] AndroidManifest.xml:20:5-43
MERGED from [com.android.support:animated-vector-drawable:23.2.1] AndroidManifest.xml:5:5-44
MERGED from [com.android.support:support-vector-drawable:23.2.1] AndroidManifest.xml:5:5-43
MERGED from [com.android.support:support-v4:23.2.1] AndroidManifest.xml:20:5-43
MERGED from [com.android.support:support-vector-drawable:23.2.1] AndroidManifest.xml:5:5-43
MERGED from [com.android.support:support-v4:23.2.1] AndroidManifest.xml:20:5-43
MERGED from [com.google.android:multidex:0.1] AndroidManifest.xml:20:5-43
	android:targetSdkVersion
		INJECTED from src\main\AndroidManifest.xml
		INJECTED from src\main\AndroidManifest.xml
	android:minSdkVersion
		INJECTED from src\main\AndroidManifest.xml
		INJECTED from src\main\AndroidManifest.xml
	tools:overrideLibrary
		ADDED from [com.android.support:appcompat-v7:23.2.1] AndroidManifest.xml:23:9-75
uses-permission#android.permission.ACCESS_WIFI_STATE
ADDED from [PlayerDemo.Library:YoukuPlayer:unspecified] AndroidManifest.xml:15:5-76
	android:name
		ADDED from [PlayerDemo.Library:YoukuPlayer:unspecified] AndroidManifest.xml:15:22-73
uses-permission#android.permission.READ_PHONE_STATE
ADDED from [PlayerDemo.Library:YoukuPlayer:unspecified] AndroidManifest.xml:19:5-75
	android:name
		ADDED from [PlayerDemo.Library:YoukuPlayer:unspecified] AndroidManifest.xml:19:22-72
uses-permission#android.permission.VIBRATE
ADDED from [PlayerDemo.Library:YoukuPlayer:unspecified] AndroidManifest.xml:20:5-66
	android:name
		ADDED from [PlayerDemo.Library:YoukuPlayer:unspecified] AndroidManifest.xml:20:22-63
uses-permission#android.permission.CAMERA
ADDED from [PlayerDemo.Library:YoukuPlayer:unspecified] AndroidManifest.xml:21:5-65
	android:name
		ADDED from [PlayerDemo.Library:YoukuPlayer:unspecified] AndroidManifest.xml:21:22-62
uses-feature#android.hardware.camera
ADDED from [PlayerDemo.Library:YoukuPlayer:unspecified] AndroidManifest.xml:23:5-25:36
	android:required
		ADDED from [PlayerDemo.Library:YoukuPlayer:unspecified] AndroidManifest.xml:25:9-33
	android:name
		ADDED from [PlayerDemo.Library:YoukuPlayer:unspecified] AndroidManifest.xml:24:9-47
uses-feature#android.hardware.camera.autofocus
ADDED from [PlayerDemo.Library:YoukuPlayer:unspecified] AndroidManifest.xml:26:5-28:36
	android:required
		ADDED from [PlayerDemo.Library:YoukuPlayer:unspecified] AndroidManifest.xml:28:9-33
	android:name
		ADDED from [PlayerDemo.Library:YoukuPlayer:unspecified] AndroidManifest.xml:27:9-57
uses-permission#android.permission.WRITE_EXTERNAL_STORAGE
ADDED from [PlayerDemo.Library:YoukuPlayer:unspecified] AndroidManifest.xml:30:5-81
	android:name
		ADDED from [PlayerDemo.Library:YoukuPlayer:unspecified] AndroidManifest.xml:30:22-78
uses-permission#android.permission.WAKE_LOCK
ADDED from [PlayerDemo.Library:YoukuPlayer:unspecified] AndroidManifest.xml:31:5-68
	android:name
		ADDED from [PlayerDemo.Library:YoukuPlayer:unspecified] AndroidManifest.xml:31:22-65
uses-permission#com.android.launcher.permission.READ_SETTINGS
ADDED from [PlayerDemo.Library:YoukuPlayer:unspecified] AndroidManifest.xml:32:5-85
	android:name
		ADDED from [PlayerDemo.Library:YoukuPlayer:unspecified] AndroidManifest.xml:32:22-82
uses-permission#com.android.launcher.permission.INSTALL_SHORTCUT
ADDED from [PlayerDemo.Library:YoukuPlayer:unspecified] AndroidManifest.xml:33:5-88
	android:name
		ADDED from [PlayerDemo.Library:YoukuPlayer:unspecified] AndroidManifest.xml:33:22-85
uses-permission#android.permission.SYSTEM_ALERT_WINDOW
ADDED from [PlayerDemo.Library:YoukuPlayer:unspecified] AndroidManifest.xml:36:5-78
	android:name
		ADDED from [PlayerDemo.Library:YoukuPlayer:unspecified] AndroidManifest.xml:36:22-75
uses-permission#android.permission.CHANGE_WIFI_MULTICAST_STATE
ADDED from [PlayerDemo.Library:YoukuPlayer:unspecified] AndroidManifest.xml:39:5-86
	android:name
		ADDED from [PlayerDemo.Library:YoukuPlayer:unspecified] AndroidManifest.xml:39:22-83
uses-permission#android.permission.GET_TASKS
ADDED from [PlayerDemo.Library:YoukuPlayer:unspecified] AndroidManifest.xml:40:5-68
	android:name
		ADDED from [PlayerDemo.Library:YoukuPlayer:unspecified] AndroidManifest.xml:40:22-65
android:uses-permission#android.permission.READ_EXTERNAL_STORAGE
IMPLIED from src\main\AndroidManifest.xml:2:1-29:12 reason: com.youku.android.player requested WRITE_EXTERNAL_STORAGE